C:\Users\Sam Mason\OneDrive\Documents\Code\GitHub\MyGarage\python-OBD>python
Python 3.6.7 |Anaconda, Inc.| (default, Oct 24 2018, 09:45:24) [MSC v.1912 64 bit (AMD64)] on win32
Type "help", "copyright", "credits" or "license" for more information.
>>> exit()

C:\Users\Sam Mason\OneDrive\Documents\Code\GitHub\MyGarage\python-OBD>py.test --port=/dev/pts/CNCA0
============================= test session starts =============================
platform win32 -- Python 3.6.7, pytest-3.9.1, py-1.7.0, pluggy-0.8.0
rootdir: C:\Users\Sam Mason\OneDrive\Documents\Code\GitHub\MyGarage\python-OBD, inifile:
plugins: remotedata-0.3.0, openfiles-0.3.0, doctestplus-0.1.3, arraydiff-0.2
collected 167 items

tests\test_OBD.py ........                                               [  4%]
tests\test_OBDCommand.py .....                                           [  7%]
tests\test_commands.py .....                                             [ 10%]
tests\test_decoders.py ................................                  [ 29%]
tests\test_obdsim.py FFFFFFF                                             [ 34%]
tests\test_protocol.py .....                                             [ 37%]
tests\test_protocol_can.py .......                                       [ 41%]
tests\test_protocol_legacy.py ......                                     [ 44%]
tests\test_uas.py ...................................................... [ 77%]
......................................                                   [100%]

================================== FAILURES ===================================
________________________________ test_supports ________________________________

skip_if_port_unspecified = None
obd = <obd.obd.OBD object at 0x000001A31172DCF8>

    def test_supports(skip_if_port_unspecified, obd):
>       assert (len(obd.supported_commands) > 0)
E       assert 0 > 0
E        +  where 0 = len(set())
E        +    where set() = <obd.obd.OBD object at 0x000001A31172DCF8>.supported_commands

tests\test_obdsim.py:44: AssertionError
---------------------------- Captured stderr setup ----------------------------
[obd.elm327] could not open port '/dev/pts/CNCA0': FileNotFoundError(2, 'The system cannot find the path specified.', None, 3)
[obd.obd] Cannot load commands: No connection to car
----------------------------- Captured log setup ------------------------------
elm327.py                  352 ERROR    could not open port '/dev/pts/CNCA0': FileNotFoundError(2, 'The system cannot find the path specified.', None, 3)
obd.py                     109 WARNING  Cannot load commands: No connection to car
__________________________________ test_rpm ___________________________________

skip_if_port_unspecified = None
obd = <obd.obd.OBD object at 0x000001A31172DCF8>

    def test_rpm(skip_if_port_unspecified, obd):
        r = obd.query(commands.RPM)
>       assert (good_rpm_response(r))
E       assert False
E        +  where False = good_rpm_response(<obd.OBDResponse.OBDResponse object at 0x000001A31178A6D8>)

tests\test_obdsim.py:50: AssertionError
---------------------------- Captured stderr call -----------------------------
[obd.obd] Query failed, no connection available
------------------------------ Captured log call ------------------------------
obd.py                     270 WARNING  Query failed, no connection available
______________________________ test_async_query _______________________________

skip_if_port_unspecified = None
asynchronous = <obd.asynchronous.Async object at 0x000001A3111B7160>

    def test_async_query(skip_if_port_unspecified, asynchronous):
        rs = []
        asynchronous.watch(commands.RPM)
        asynchronous.start()

        for i in range(5):
            time.sleep(STANDARD_WAIT_TIME)
            rs.append(asynchronous.query(commands.RPM))

        asynchronous.stop()
        asynchronous.unwatch_all()

        # make sure we got data
        assert (len(rs) > 0)
>       assert (all([good_rpm_response(r) for r in rs]))
E       assert False
E        +  where False = all([False, False, False, False, False])

tests\test_obdsim.py:69: AssertionError
---------------------------- Captured stderr setup ----------------------------
[obd.elm327] could not open port '/dev/pts/CNCA0': FileNotFoundError(2, 'The system cannot find the path specified.', None, 3)
[obd.obd] Cannot load commands: No connection to car
----------------------------- Captured log setup ------------------------------
elm327.py                  352 ERROR    could not open port '/dev/pts/CNCA0': FileNotFoundError(2, 'The system cannot find the path specified.', None, 3)
obd.py                     109 WARNING  Cannot load commands: No connection to car
---------------------------- Captured stderr call -----------------------------
[obd.obd] 'b'010C': Engine RPM' is not supported
------------------------------ Captured log call ------------------------------
obd.py                     252 WARNING  'b'010C': Engine RPM' is not supported
_____________________________ test_async_callback _____________________________

skip_if_port_unspecified = None
asynchronous = <obd.asynchronous.Async object at 0x000001A3111B7160>

    def test_async_callback(skip_if_port_unspecified, asynchronous):
        rs = []
        asynchronous.watch(commands.RPM, callback=rs.append)
        asynchronous.start()
        time.sleep(STANDARD_WAIT_TIME)
        asynchronous.stop()
        asynchronous.unwatch_all()

        # make sure we got data
>       assert (len(rs) > 0)
E       assert 0 > 0
E        +  where 0 = len([])

tests\test_obdsim.py:81: AssertionError
---------------------------- Captured stderr call -----------------------------
[obd.obd] 'b'010C': Engine RPM' is not supported
------------------------------ Captured log call ------------------------------
obd.py                     252 WARNING  'b'010C': Engine RPM' is not supported
______________________________ test_async_paused ______________________________

skip_if_port_unspecified = None
asynchronous = <obd.asynchronous.Async object at 0x000001A3111B7160>

    def test_async_paused(skip_if_port_unspecified, asynchronous):
        assert (not asynchronous.running)
        asynchronous.watch(commands.RPM)
        asynchronous.start()
>       assert asynchronous.running
E       assert False
E        +  where False = <obd.asynchronous.Async object at 0x000001A3111B7160>.running

tests\test_obdsim.py:89: AssertionError
---------------------------- Captured stderr call -----------------------------
[obd.obd] 'b'010C': Engine RPM' is not supported
------------------------------ Captured log call ------------------------------
obd.py                     252 WARNING  'b'010C': Engine RPM' is not supported
_____________________________ test_async_unwatch ______________________________

skip_if_port_unspecified = None
asynchronous = <obd.asynchronous.Async object at 0x000001A3111B7160>

    def test_async_unwatch(skip_if_port_unspecified, asynchronous):
        watched_rs = []
        unwatched_rs = []

        asynchronous.watch(commands.RPM)
        asynchronous.start()

        for i in range(5):
            time.sleep(STANDARD_WAIT_TIME)
            watched_rs.append(asynchronous.query(commands.RPM))

        with asynchronous.paused():
            asynchronous.unwatch(commands.RPM)

        for i in range(5):
            time.sleep(STANDARD_WAIT_TIME)
            unwatched_rs.append(asynchronous.query(commands.RPM))

        asynchronous.stop()

        # the watched commands
        assert (len(watched_rs) > 0)
>       assert (all([good_rpm_response(r) for r in watched_rs]))
E       assert False
E        +  where False = all([False, False, False, False, False])

tests\test_obdsim.py:122: AssertionError
---------------------------- Captured stderr call -----------------------------
[obd.obd] 'b'010C': Engine RPM' is not supported
------------------------------ Captured log call ------------------------------
obd.py                     252 WARNING  'b'010C': Engine RPM' is not supported
_________________________ test_async_unwatch_callback _________________________

skip_if_port_unspecified = None
asynchronous = <obd.asynchronous.Async object at 0x000001A3111B7160>

    def test_async_unwatch_callback(skip_if_port_unspecified, asynchronous):
        a_rs = []
        b_rs = []
        asynchronous.watch(commands.RPM, callback=a_rs.append)
        asynchronous.watch(commands.RPM, callback=b_rs.append)

        asynchronous.start()
        time.sleep(STANDARD_WAIT_TIME)

        with asynchronous.paused():
            asynchronous.unwatch(commands.RPM, callback=b_rs.append)

        time.sleep(STANDARD_WAIT_TIME)
        asynchronous.stop()
        asynchronous.unwatch_all()

        assert (all([good_rpm_response(r) for r in a_rs + b_rs]))
>       assert (len(a_rs) > len(b_rs))
E       assert 0 > 0
E        +  where 0 = len([])
E        +  and   0 = len([])

tests\test_obdsim.py:146: AssertionError
---------------------------- Captured stderr call -----------------------------
[obd.obd] 'b'010C': Engine RPM' is not supported
[obd.obd] 'b'010C': Engine RPM' is not supported
------------------------------ Captured log call ------------------------------
obd.py                     252 WARNING  'b'010C': Engine RPM' is not supported
obd.py                     252 WARNING  'b'010C': Engine RPM' is not supported
============================== warnings summary ===============================
C:\ProgramData\Anaconda3\lib\site-packages\pint-0.7.2-py3.6.egg\pint\formatting.py:16: DeprecationWarning: invalid escape sequence \{
C:\ProgramData\Anaconda3\lib\site-packages\pint-0.7.2-py3.6.egg\pint\formatting.py:16: DeprecationWarning: invalid escape sequence \{

C:\ProgramData\Anaconda3\lib\site-packages\pint-0.7.2-py3.6.egg\pint\context.py:25: DeprecationWarning: invalid escape sequence \s
C:\ProgramData\Anaconda3\lib\site-packages\pint-0.7.2-py3.6.egg\pint\context.py:25: DeprecationWarning: invalid escape sequence \s

C:\ProgramData\Anaconda3\lib\site-packages\pint-0.7.2-py3.6.egg\pint\systems.py:41: DeprecationWarning: invalid escape sequence \s

C:\ProgramData\Anaconda3\lib\site-packages\pint-0.7.2-py3.6.egg\pint\systems.py:259: DeprecationWarning: invalid escape sequence \s

C:\ProgramData\Anaconda3\lib\site-packages\pint-0.7.2-py3.6.egg\pint\systems.py:41: DeprecationWarning: invalid escape sequence \s

C:\ProgramData\Anaconda3\lib\site-packages\pint-0.7.2-py3.6.egg\pint\systems.py:259: DeprecationWarning: invalid escape sequence \s

-- Docs: https://docs.pytest.org/en/latest/warnings.html
============== 7 failed, 160 passed, 8 warnings in 6.42 seconds ===============

C:\Users\Sam Mason\OneDrive\Documents\Code\GitHub\MyGarage\python-OBD>
